<?xml version="1.0" encoding="UTF-8"?>
<!-- Generated by org.testng.reporters.JUnitReportReporter -->
<testsuite hostname="Swatis-MacBook-Air.local" name="utils.AppLauncher" tests="1" failures="0" timestamp="24 Jan 2017 11:28:57 GMT" time="3.141" errors="0">
  <testcase name="clickOnFlight" time="3.141" classname="utils.AppLauncher"/>
</testsuite> <!-- utils.AppLauncher -->
